<?xml version="1.0" encoding="UTF-8"?>
<testng-results skipped="0" failed="0" total="1" passed="1">
  <reporter-output>
    <line>
      <![CDATA[Hello]]>
    </line>
  </reporter-output>
  <suite name="Default suite" duration-ms="47" started-at="2021-05-17T04:26:34Z" finished-at="2021-05-17T04:26:34Z">
    <groups>
    </groups>
    <test name="Default test" duration-ms="47" started-at="2021-05-17T04:26:34Z" finished-at="2021-05-17T04:26:34Z">
      <class name="Jimplmt123.Jimplmt123.AppTest">
        <test-method status="PASS" signature="shouldAnswerWithTrue()[pri:0, instance:Jimplmt123.Jimplmt123.AppTest@4de8b406]" name="shouldAnswerWithTrue" duration-ms="31" started-at="2021-05-17T09:56:34Z" finished-at="2021-05-17T09:56:34Z">
          <reporter-output>
            <line>
              <![CDATA[Hello]]>
            </line>
          </reporter-output>
        </test-method> <!-- shouldAnswerWithTrue -->
      </class> <!-- Jimplmt123.Jimplmt123.AppTest -->
    </test> <!-- Default test -->
  </suite> <!-- Default suite -->
</testng-results>
