<?xml version="1.0" encoding="UTF-8"?>
<testng-results skipped="0" failed="0" total="1" passed="1">
  <reporter-output>
  </reporter-output>
  <suite name="Surefire suite" duration-ms="16100" started-at="2021-06-01T16:58:24Z" finished-at="2021-06-01T16:58:41Z">
    <groups>
    </groups>
    <test name="Surefire test" duration-ms="16100" started-at="2021-06-01T16:58:24Z" finished-at="2021-06-01T16:58:41Z">
      <class name="Jimplmt123.Jimplmt123.AppTest">
        <test-method status="PASS" signature="shouldAnswerWithTrue()[pri:0, instance:Jimplmt123.Jimplmt123.AppTest@79b4d0f]" name="shouldAnswerWithTrue" duration-ms="16095" started-at="2021-06-01T22:28:24Z" finished-at="2021-06-01T22:28:41Z">
          <reporter-output>
          </reporter-output>
        </test-method> <!-- shouldAnswerWithTrue -->
      </class> <!-- Jimplmt123.Jimplmt123.AppTest -->
    </test> <!-- Surefire test -->
  </suite> <!-- Surefire suite -->
</testng-results>
